<?xml version="1.0" encoding="UTF-8"?>
<!-- Generated by org.testng.reporters.JUnitXMLReporter -->
<testsuite hostname="Raju-PC" ignored="1" name="Test" tests="8" failures="4" timestamp="28 Oct 2018 05:14:30 GMT" time="1.127" errors="0">
  <testcase name="testLogin" time="0.044" classname="com.Winwire.MaddiesFund.TestScripts.Test1"/>
  <testcase name="testLogin1" time="0.004" classname="com.Winwire.MaddiesFund.TestScripts.Test1">
    <failure type="java.lang.AssertionError" message="expected [true] but found [false]">
      <![CDATA[java.lang.AssertionError: expected [true] but found [false]at com.Winwire.MaddiesFund.Helper.Assertion.AssertionHelper.markFail(AssertionHelper.java:30)at com.Winwire.MaddiesFund.TestScripts.Test1.testLogin1(Test1.java:18)... Removed 29 stack frames]]>
    </failure>
  </testcase> <!-- testLogin1 -->
  <testcase name="testLogin2" time="0.003" classname="com.Winwire.MaddiesFund.TestScripts.Test1"/>
  <testcase name="testLogin3" time="0.002" classname="com.Winwire.MaddiesFund.TestScripts.Test1">
    <failure type="java.lang.AssertionError" message="expected [true] but found [false]">
      <![CDATA[java.lang.AssertionError: expected [true] but found [false]at com.Winwire.MaddiesFund.Helper.Assertion.AssertionHelper.markFail(AssertionHelper.java:30)at com.Winwire.MaddiesFund.TestScripts.Test1.testLogin3(Test1.java:28)... Removed 29 stack frames]]>
    </failure>
  </testcase> <!-- testLogin3 -->
  <testcase name="testLogin" time="0.002" classname="com.Winwire.MaddiesFund.TestScripts.Test2"/>
  <testcase name="testLogin1" time="0.003" classname="com.Winwire.MaddiesFund.TestScripts.Test2">
    <failure type="java.lang.AssertionError" message="expected [true] but found [false]">
      <![CDATA[java.lang.AssertionError: expected [true] but found [false]at com.Winwire.MaddiesFund.Helper.Assertion.AssertionHelper.markFail(AssertionHelper.java:30)at com.Winwire.MaddiesFund.TestScripts.Test2.testLogin1(Test2.java:18)... Removed 29 stack frames]]>
    </failure>
  </testcase> <!-- testLogin1 -->
  <testcase name="testLogin2" time="0.002" classname="com.Winwire.MaddiesFund.TestScripts.Test2"/>
  <testcase name="testLogin3" time="0.003" classname="com.Winwire.MaddiesFund.TestScripts.Test2">
    <failure type="java.lang.AssertionError" message="expected [true] but found [false]">
      <![CDATA[java.lang.AssertionError: expected [true] but found [false]at com.Winwire.MaddiesFund.Helper.Assertion.AssertionHelper.markFail(AssertionHelper.java:30)at com.Winwire.MaddiesFund.TestScripts.Test2.testLogin3(Test2.java:28)... Removed 29 stack frames]]>
    </failure>
  </testcase> <!-- testLogin3 -->
  <testcase name="@BeforeSuite beforeSuite" time="0.0" classname="com.Winwire.MaddiesFund.TestBase.TestBase1">
    <ignored/>
  </testcase> <!-- @BeforeSuite beforeSuite -->
</testsuite> <!-- Test -->
