<?xml version="1.0" encoding="UTF-8"?>
<!-- Generated by org.testng.reporters.JUnitXMLReporter -->
<testsuite hostname="Raju-PC" ignored="0" name="B" tests="1" failures="1" timestamp="28 Oct 2018 10:21:08 GMT" time="0.048" errors="0">
  <testcase name="testLoginB" time="0.003" classname="com.MaddiesFund.B">
    <failure type="java.lang.AssertionError" message="expected [true] but found [false]">
      <![CDATA[java.lang.AssertionError: expected [true] but found [false]at com.MaddiesFund.B.testLoginB(B.java:18)... Removed 29 stack frames]]>
    </failure>
  </testcase> <!-- testLoginB -->
</testsuite> <!-- B -->
