<?xml version="1.0" encoding="UTF-8"?>
<!-- Generated by org.testng.reporters.JUnitXMLReporter -->
<testsuite hostname="Raju-PC" ignored="0" name="C" tests="1" failures="1" timestamp="28 Oct 2018 10:21:09 GMT" time="0.009" errors="0">
  <testcase name="testLoginC" time="0.002" classname="com.MaddiesFund.C">
    <failure type="java.lang.AssertionError" message="expected [true] but found [false]">
      <![CDATA[java.lang.AssertionError: expected [true] but found [false]at com.MaddiesFund.C.testLoginC(C.java:15)... Removed 29 stack frames]]>
    </failure>
  </testcase> <!-- testLoginC -->
</testsuite> <!-- C -->
